{"/home/ykatz/Code/Personal/color-system/scripts/solver/generator.ts": {"path":"/home/ykatz/Code/Personal/color-system/scripts/solver/generator.ts","statementMap":{"0":{"start":{"line":19,"column":30},"end":{"line":19,"column":null}},"1":{"start":{"line":20,"column":34},"end":{"line":20,"column":null}},"2":{"start":{"line":21,"column":37},"end":{"line":21,"column":null}},"3":{"start":{"line":23,"column":2},"end":{"line":23,"column":null}},"4":{"start":{"line":26,"column":2},"end":{"line":30,"column":null}},"5":{"start":{"line":32,"column":2},"end":{"line":36,"column":null}},"6":{"start":{"line":38,"column":2},"end":{"line":42,"column":null}},"7":{"start":{"line":44,"column":2},"end":{"line":48,"column":null}},"8":{"start":{"line":50,"column":19},"end":{"line":50,"column":null}},"9":{"start":{"line":50,"column":34},"end":{"line":50,"column":null}},"10":{"start":{"line":52,"column":2},"end":{"line":177,"column":null}},"11":{"start":{"line":53,"column":4},"end":{"line":176,"column":null}},"12":{"start":{"line":54,"column":22},"end":{"line":54,"column":null}},"13":{"start":{"line":55,"column":21},"end":{"line":55,"column":null}},"14":{"start":{"line":57,"column":12},"end":{"line":57,"column":null}},"15":{"start":{"line":58,"column":12},"end":{"line":58,"column":null}},"16":{"start":{"line":60,"column":12},"end":{"line":60,"column":null}},"17":{"start":{"line":61,"column":12},"end":{"line":61,"column":null}},"18":{"start":{"line":64,"column":6},"end":{"line":64,"column":null}},"19":{"start":{"line":67,"column":6},"end":{"line":72,"column":null}},"20":{"start":{"line":75,"column":6},"end":{"line":84,"column":null}},"21":{"start":{"line":87,"column":6},"end":{"line":128,"column":null}},"22":{"start":{"line":88,"column":28},"end":{"line":89,"column":null}},"23":{"start":{"line":88,"column":57},"end":{"line":89,"column":null}},"24":{"start":{"line":91,"column":25},"end":{"line":95,"column":null}},"25":{"start":{"line":96,"column":24},"end":{"line":100,"column":null}},"26":{"start":{"line":101,"column":25},"end":{"line":105,"column":null}},"27":{"start":{"line":106,"column":24},"end":{"line":110,"column":null}},"28":{"start":{"line":112,"column":29},"end":{"line":112,"column":null}},"29":{"start":{"line":113,"column":28},"end":{"line":113,"column":null}},"30":{"start":{"line":115,"column":8},"end":{"line":120,"column":null}},"31":{"start":{"line":122,"column":8},"end":{"line":127,"column":null}},"32":{"start":{"line":130,"column":6},"end":{"line":130,"column":null}},"33":{"start":{"line":133,"column":6},"end":{"line":174,"column":null}},"34":{"start":{"line":134,"column":8},"end":{"line":173,"column":null}},"35":{"start":{"line":135,"column":28},"end":{"line":135,"column":null}},"36":{"start":{"line":136,"column":26},"end":{"line":136,"column":null}},"37":{"start":{"line":138,"column":10},"end":{"line":172,"column":null}},"38":{"start":{"line":151,"column":14},"end":{"line":153,"column":null}},"39":{"start":{"line":155,"column":18},"end":{"line":158,"column":null}},"40":{"start":{"line":159,"column":18},"end":{"line":162,"column":null}},"41":{"start":{"line":164,"column":12},"end":{"line":164,"column":null}},"42":{"start":{"line":165,"column":12},"end":{"line":170,"column":null}},"43":{"start":{"line":171,"column":12},"end":{"line":171,"column":null}},"44":{"start":{"line":175,"column":6},"end":{"line":175,"column":null}},"45":{"start":{"line":179,"column":2},"end":{"line":179,"column":null}}},"fnMap":{"0":{"name":"generateTokensCss","decl":{"start":{"line":13,"column":16},"end":{"line":13,"column":null}},"loc":{"start":{"line":18,"column":10},"end":{"line":180,"column":null}},"line":18},"1":{"name":"(anonymous_1)","decl":{"start":{"line":50,"column":19},"end":{"line":50,"column":20}},"loc":{"start":{"line":50,"column":34},"end":{"line":50,"column":null}},"line":50},"2":{"name":"(anonymous_2)","decl":{"start":{"line":88,"column":28},"end":{"line":88,"column":29}},"loc":{"start":{"line":88,"column":57},"end":{"line":89,"column":null}},"line":88},"3":{"name":"(anonymous_3)","decl":{"start":{"line":134,"column":31},"end":{"line":134,"column":32}},"loc":{"start":{"line":134,"column":42},"end":{"line":173,"column":9}},"line":134}},"branchMap":{"0":{"loc":{"start":{"line":54,"column":22},"end":{"line":54,"column":null}},"type":"binary-expr","locations":[{"start":{"line":54,"column":22},"end":{"line":54,"column":62}},{"start":{"line":54,"column":62},"end":{"line":54,"column":null}}],"line":54},"1":{"loc":{"start":{"line":55,"column":21},"end":{"line":55,"column":null}},"type":"binary-expr","locations":[{"start":{"line":55,"column":21},"end":{"line":55,"column":60}},{"start":{"line":55,"column":60},"end":{"line":55,"column":null}}],"line":55},"2":{"loc":{"start":{"line":87,"column":6},"end":{"line":128,"column":null}},"type":"if","locations":[{"start":{"line":87,"column":6},"end":{"line":128,"column":null}},{"start":{},"end":{}}],"line":87},"3":{"loc":{"start":{"line":133,"column":6},"end":{"line":174,"column":null}},"type":"if","locations":[{"start":{"line":133,"column":6},"end":{"line":174,"column":null}},{"start":{},"end":{}}],"line":133},"4":{"loc":{"start":{"line":138,"column":10},"end":{"line":172,"column":null}},"type":"if","locations":[{"start":{"line":138,"column":10},"end":{"line":172,"column":null}},{"start":{},"end":{}}],"line":138},"5":{"loc":{"start":{"line":151,"column":14},"end":{"line":153,"column":null}},"type":"cond-expr","locations":[{"start":{"line":152,"column":18},"end":{"line":152,"column":null}},{"start":{"line":153,"column":18},"end":{"line":153,"column":null}}],"line":151},"6":{"loc":{"start":{"line":151,"column":14},"end":{"line":151,"column":null}},"type":"binary-expr","locations":[{"start":{"line":151,"column":14},"end":{"line":151,"column":40}},{"start":{"line":151,"column":40},"end":{"line":151,"column":null}}],"line":151}},"s":{"0":0,"1":0,"2":0,"3":0,"4":0,"5":0,"6":0,"7":0,"8":0,"9":0,"10":0,"11":0,"12":0,"13":0,"14":0,"15":0,"16":0,"17":0,"18":0,"19":0,"20":0,"21":0,"22":0,"23":0,"24":0,"25":0,"26":0,"27":0,"28":0,"29":0,"30":0,"31":0,"32":0,"33":0,"34":0,"35":0,"36":0,"37":0,"38":0,"39":0,"40":0,"41":0,"42":0,"43":0,"44":0,"45":0},"f":{"0":0,"1":0,"2":0,"3":0},"b":{"0":[0,0],"1":[0,0],"2":[0,0],"3":[0,0],"4":[0,0],"5":[0,0],"6":[0,0]},"meta":{"lastBranch":7,"lastFunction":4,"lastStatement":46,"seen":{"f:13:16:13:Infinity":0,"s:19:30:19:Infinity":0,"s:20:34:20:Infinity":1,"s:21:37:21:Infinity":2,"s:23:2:23:Infinity":3,"s:26:2:30:Infinity":4,"s:32:2:36:Infinity":5,"s:38:2:42:Infinity":6,"s:44:2:48:Infinity":7,"s:50:19:50:Infinity":8,"f:50:19:50:20":1,"s:50:34:50:Infinity":9,"s:52:2:177:Infinity":10,"s:53:4:176:Infinity":11,"s:54:22:54:Infinity":12,"b:54:22:54:62:54:62:54:Infinity":0,"s:55:21:55:Infinity":13,"b:55:21:55:60:55:60:55:Infinity":1,"s:57:12:57:Infinity":14,"s:58:12:58:Infinity":15,"s:60:12:60:Infinity":16,"s:61:12:61:Infinity":17,"s:64:6:64:Infinity":18,"s:67:6:72:Infinity":19,"s:75:6:84:Infinity":20,"b:87:6:128:Infinity:undefined:undefined:undefined:undefined":2,"s:87:6:128:Infinity":21,"s:88:28:89:Infinity":22,"f:88:28:88:29":2,"s:88:57:89:Infinity":23,"s:91:25:95:Infinity":24,"s:96:24:100:Infinity":25,"s:101:25:105:Infinity":26,"s:106:24:110:Infinity":27,"s:112:29:112:Infinity":28,"s:113:28:113:Infinity":29,"s:115:8:120:Infinity":30,"s:122:8:127:Infinity":31,"s:130:6:130:Infinity":32,"b:133:6:174:Infinity:undefined:undefined:undefined:undefined":3,"s:133:6:174:Infinity":33,"s:134:8:173:Infinity":34,"f:134:31:134:32":3,"s:135:28:135:Infinity":35,"s:136:26:136:Infinity":36,"b:138:10:172:Infinity:undefined:undefined:undefined:undefined":4,"s:138:10:172:Infinity":37,"s:151:14:153:Infinity":38,"b:152:18:152:Infinity:153:18:153:Infinity":5,"b:151:14:151:40:151:40:151:Infinity":6,"s:155:18:158:Infinity":39,"s:159:18:162:Infinity":40,"s:164:12:164:Infinity":41,"s:165:12:170:Infinity":42,"s:171:12:171:Infinity":43,"s:175:6:175:Infinity":44,"s:179:2:179:Infinity":45}}}
,"/home/ykatz/Code/Personal/color-system/scripts/solver/index.ts": {"path":"/home/ykatz/Code/Personal/color-system/scripts/solver/index.ts","statementMap":{"0":{"start":{"line":26,"column":6},"end":{"line":26,"column":null}},"1":{"start":{"line":31,"column":2},"end":{"line":33,"column":null}},"2":{"start":{"line":32,"column":4},"end":{"line":32,"column":null}},"3":{"start":{"line":35,"column":32},"end":{"line":35,"column":null}},"4":{"start":{"line":37,"column":2},"end":{"line":43,"column":null}},"5":{"start":{"line":38,"column":18},"end":{"line":38,"column":null}},"6":{"start":{"line":40,"column":4},"end":{"line":42,"column":null}},"7":{"start":{"line":41,"column":6},"end":{"line":41,"column":null}},"8":{"start":{"line":45,"column":2},"end":{"line":47,"column":null}},"9":{"start":{"line":46,"column":4},"end":{"line":46,"column":null}},"10":{"start":{"line":49,"column":2},"end":{"line":49,"column":null}},"11":{"start":{"line":56,"column":28},"end":{"line":56,"column":null}},"12":{"start":{"line":58,"column":2},"end":{"line":81,"column":null}},"13":{"start":{"line":59,"column":28},"end":{"line":59,"column":null}},"14":{"start":{"line":61,"column":4},"end":{"line":63,"column":null}},"15":{"start":{"line":62,"column":6},"end":{"line":62,"column":null}},"16":{"start":{"line":65,"column":22},"end":{"line":71,"column":null}},"17":{"start":{"line":68,"column":23},"end":{"line":71,"column":null}},"18":{"start":{"line":73,"column":10},"end":{"line":73,"column":null}},"19":{"start":{"line":75,"column":33},"end":{"line":78,"column":null}},"20":{"start":{"line":80,"column":5},"end":{"line":80,"column":null}},"21":{"start":{"line":90,"column":26},"end":{"line":90,"column":null}},"22":{"start":{"line":91,"column":24},"end":{"line":91,"column":null}},"23":{"start":{"line":92,"column":8},"end":{"line":92,"column":null}},"24":{"start":{"line":93,"column":8},"end":{"line":93,"column":null}},"25":{"start":{"line":94,"column":16},"end":{"line":94,"column":null}},"26":{"start":{"line":96,"column":2},"end":{"line":102,"column":null}},"27":{"start":{"line":111,"column":22},"end":{"line":111,"column":null}},"28":{"start":{"line":113,"column":2},"end":{"line":113,"column":null}},"29":{"start":{"line":113,"column":27},"end":{"line":113,"column":null}},"30":{"start":{"line":115,"column":22},"end":{"line":115,"column":null}},"31":{"start":{"line":116,"column":20},"end":{"line":116,"column":null}},"32":{"start":{"line":118,"column":21},"end":{"line":121,"column":null}},"33":{"start":{"line":122,"column":22},"end":{"line":122,"column":null}},"34":{"start":{"line":123,"column":22},"end":{"line":123,"column":null}},"35":{"start":{"line":125,"column":2},"end":{"line":171,"column":null}},"36":{"start":{"line":126,"column":16},"end":{"line":126,"column":null}},"37":{"start":{"line":127,"column":31},"end":{"line":127,"column":null}},"38":{"start":{"line":130,"column":6},"end":{"line":130,"column":null}},"39":{"start":{"line":132,"column":4},"end":{"line":170,"column":null}},"40":{"start":{"line":133,"column":29},"end":{"line":133,"column":null}},"41":{"start":{"line":134,"column":22},"end":{"line":134,"column":null}},"42":{"start":{"line":136,"column":21},"end":{"line":136,"column":null}},"43":{"start":{"line":137,"column":29},"end":{"line":137,"column":null}},"44":{"start":{"line":139,"column":12},"end":{"line":143,"column":null}},"45":{"start":{"line":145,"column":10},"end":{"line":151,"column":null}},"46":{"start":{"line":153,"column":6},"end":{"line":153,"column":null}},"47":{"start":{"line":155,"column":6},"end":{"line":169,"column":null}},"48":{"start":{"line":156,"column":8},"end":{"line":168,"column":null}},"49":{"start":{"line":157,"column":30},"end":{"line":157,"column":null}},"50":{"start":{"line":159,"column":16},"end":{"line":165,"column":null}},"51":{"start":{"line":167,"column":10},"end":{"line":167,"column":null}},"52":{"start":{"line":173,"column":2},"end":{"line":173,"column":null}},"53":{"start":{"line":180,"column":18},"end":{"line":180,"column":null}},"54":{"start":{"line":181,"column":17},"end":{"line":181,"column":null}},"55":{"start":{"line":182,"column":22},"end":{"line":182,"column":null}},"56":{"start":{"line":182,"column":44},"end":{"line":182,"column":54}},"57":{"start":{"line":184,"column":2},"end":{"line":184,"column":null}},"58":{"start":{"line":186,"column":22},"end":{"line":186,"column":null}},"59":{"start":{"line":188,"column":2},"end":{"line":218,"column":null}},"60":{"start":{"line":189,"column":4},"end":{"line":191,"column":null}},"61":{"start":{"line":190,"column":6},"end":{"line":190,"column":null}},"62":{"start":{"line":193,"column":4},"end":{"line":217,"column":null}},"63":{"start":{"line":194,"column":29},"end":{"line":196,"column":null}},"64":{"start":{"line":195,"column":8},"end":{"line":195,"column":null}},"65":{"start":{"line":195,"column":31},"end":{"line":195,"column":54}},"66":{"start":{"line":198,"column":29},"end":{"line":203,"column":null}},"67":{"start":{"line":199,"column":21},"end":{"line":202,"column":10}},"68":{"start":{"line":201,"column":45},"end":{"line":201,"column":68}},"69":{"start":{"line":203,"column":23},"end":{"line":203,"column":44}},"70":{"start":{"line":205,"column":23},"end":{"line":210,"column":null}},"71":{"start":{"line":212,"column":6},"end":{"line":216,"column":null}},"72":{"start":{"line":213,"column":22},"end":{"line":213,"column":null}},"73":{"start":{"line":214,"column":8},"end":{"line":214,"column":null}},"74":{"start":{"line":215,"column":8},"end":{"line":215,"column":null}},"75":{"start":{"line":220,"column":25},"end":{"line":233,"column":null}},"76":{"start":{"line":221,"column":23},"end":{"line":221,"column":null}},"77":{"start":{"line":223,"column":4},"end":{"line":225,"column":null}},"78":{"start":{"line":224,"column":6},"end":{"line":224,"column":null}},"79":{"start":{"line":227,"column":45},"end":{"line":230,"column":null}},"80":{"start":{"line":232,"column":4},"end":{"line":232,"column":null}},"81":{"start":{"line":235,"column":2},"end":{"line":238,"column":null}}},"fnMap":{"0":{"name":"computeKeyColorLightness","decl":{"start":{"line":28,"column":9},"end":{"line":28,"column":null}},"loc":{"start":{"line":30,"column":22},"end":{"line":50,"column":null}},"line":30},"1":{"name":"alignInvertedAnchors","decl":{"start":{"line":52,"column":9},"end":{"line":52,"column":null}},"loc":{"start":{"line":55,"column":8},"end":{"line":82,"column":null}},"line":55},"2":{"name":"(anonymous_2)","decl":{"start":{"line":65,"column":22},"end":{"line":65,"column":null}},"loc":{"start":{"line":68,"column":23},"end":{"line":71,"column":null}},"line":68},"3":{"name":"computeDeltaInfo","decl":{"start":{"line":84,"column":9},"end":{"line":84,"column":null}},"loc":{"start":{"line":89,"column":2},"end":{"line":103,"column":null}},"line":89},"4":{"name":"solveBackgroundSequence","decl":{"start":{"line":105,"column":9},"end":{"line":105,"column":null}},"loc":{"start":{"line":110,"column":23},"end":{"line":174,"column":null}},"line":110},"5":{"name":"(anonymous_5)","decl":{"start":{"line":125,"column":17},"end":{"line":125,"column":18}},"loc":{"start":{"line":125,"column":40},"end":{"line":171,"column":3}},"line":125},"6":{"name":"(anonymous_6)","decl":{"start":{"line":132,"column":27},"end":{"line":132,"column":28}},"loc":{"start":{"line":132,"column":54},"end":{"line":170,"column":5}},"line":132},"7":{"name":"(anonymous_7)","decl":{"start":{"line":156,"column":31},"end":{"line":156,"column":32}},"loc":{"start":{"line":156,"column":42},"end":{"line":168,"column":9}},"line":156},"8":{"name":"solve","decl":{"start":{"line":176,"column":16},"end":{"line":176,"column":22}},"loc":{"start":{"line":179,"column":2},"end":{"line":239,"column":null}},"line":179},"9":{"name":"(anonymous_9)","decl":{"start":{"line":182,"column":37},"end":{"line":182,"column":38}},"loc":{"start":{"line":182,"column":44},"end":{"line":182,"column":54}},"line":182},"10":{"name":"(anonymous_10)","decl":{"start":{"line":194,"column":43},"end":{"line":194,"column":44}},"loc":{"start":{"line":195,"column":8},"end":{"line":195,"column":null}},"line":195},"11":{"name":"(anonymous_11)","decl":{"start":{"line":195,"column":24},"end":{"line":195,"column":25}},"loc":{"start":{"line":195,"column":31},"end":{"line":195,"column":54}},"line":195},"12":{"name":"(anonymous_12)","decl":{"start":{"line":199,"column":13},"end":{"line":199,"column":14}},"loc":{"start":{"line":199,"column":21},"end":{"line":202,"column":10}},"line":199},"13":{"name":"(anonymous_13)","decl":{"start":{"line":201,"column":38},"end":{"line":201,"column":39}},"loc":{"start":{"line":201,"column":45},"end":{"line":201,"column":68}},"line":201},"14":{"name":"(anonymous_14)","decl":{"start":{"line":203,"column":16},"end":{"line":203,"column":17}},"loc":{"start":{"line":203,"column":23},"end":{"line":203,"column":44}},"line":203},"15":{"name":"(anonymous_15)","decl":{"start":{"line":220,"column":41},"end":{"line":220,"column":42}},"loc":{"start":{"line":220,"column":54},"end":{"line":233,"column":3}},"line":220}},"branchMap":{"0":{"loc":{"start":{"line":31,"column":2},"end":{"line":33,"column":null}},"type":"if","locations":[{"start":{"line":31,"column":2},"end":{"line":33,"column":null}},{"start":{},"end":{}}],"line":31},"1":{"loc":{"start":{"line":40,"column":4},"end":{"line":42,"column":null}},"type":"if","locations":[{"start":{"line":40,"column":4},"end":{"line":42,"column":null}},{"start":{},"end":{}}],"line":40},"2":{"loc":{"start":{"line":45,"column":2},"end":{"line":47,"column":null}},"type":"if","locations":[{"start":{"line":45,"column":2},"end":{"line":47,"column":null}},{"start":{},"end":{}}],"line":45},"3":{"loc":{"start":{"line":58,"column":2},"end":{"line":81,"column":null}},"type":"if","locations":[{"start":{"line":58,"column":2},"end":{"line":81,"column":null}},{"start":{},"end":{}}],"line":58},"4":{"loc":{"start":{"line":61,"column":4},"end":{"line":63,"column":null}},"type":"if","locations":[{"start":{"line":61,"column":4},"end":{"line":63,"column":null}},{"start":{},"end":{}}],"line":61},"5":{"loc":{"start":{"line":94,"column":16},"end":{"line":94,"column":null}},"type":"cond-expr","locations":[{"start":{"line":94,"column":29},"end":{"line":94,"column":34}},{"start":{"line":94,"column":29},"end":{"line":94,"column":null}}],"line":94},"6":{"loc":{"start":{"line":113,"column":2},"end":{"line":113,"column":null}},"type":"if","locations":[{"start":{"line":113,"column":2},"end":{"line":113,"column":null}},{"start":{},"end":{}}],"line":113},"7":{"loc":{"start":{"line":126,"column":16},"end":{"line":126,"column":null}},"type":"binary-expr","locations":[{"start":{"line":126,"column":16},"end":{"line":126,"column":35}},{"start":{"line":126,"column":35},"end":{"line":126,"column":null}}],"line":126},"8":{"loc":{"start":{"line":136,"column":21},"end":{"line":136,"column":null}},"type":"binary-expr","locations":[{"start":{"line":136,"column":21},"end":{"line":136,"column":55}},{"start":{"line":136,"column":55},"end":{"line":136,"column":null}}],"line":136},"9":{"loc":{"start":{"line":155,"column":6},"end":{"line":169,"column":null}},"type":"if","locations":[{"start":{"line":155,"column":6},"end":{"line":169,"column":null}},{"start":{},"end":{}}],"line":155},"10":{"loc":{"start":{"line":189,"column":4},"end":{"line":191,"column":null}},"type":"if","locations":[{"start":{"line":189,"column":4},"end":{"line":191,"column":null}},{"start":{},"end":{}}],"line":189},"11":{"loc":{"start":{"line":213,"column":22},"end":{"line":213,"column":null}},"type":"binary-expr","locations":[{"start":{"line":213,"column":22},"end":{"line":213,"column":47}},{"start":{"line":213,"column":47},"end":{"line":213,"column":null}}],"line":213},"12":{"loc":{"start":{"line":223,"column":4},"end":{"line":225,"column":null}},"type":"if","locations":[{"start":{"line":223,"column":4},"end":{"line":225,"column":null}},{"start":{},"end":{}}],"line":223}},"s":{"0":0,"1":0,"2":0,"3":0,"4":0,"5":0,"6":0,"7":0,"8":0,"9":0,"10":0,"11":0,"12":0,"13":0,"14":0,"15":0,"16":0,"17":0,"18":0,"19":0,"20":0,"21":0,"22":0,"23":0,"24":0,"25":0,"26":0,"27":0,"28":0,"29":0,"30":0,"31":0,"32":0,"33":0,"34":0,"35":0,"36":0,"37":0,"38":0,"39":0,"40":0,"41":0,"42":0,"43":0,"44":0,"45":0,"46":0,"47":0,"48":0,"49":0,"50":0,"51":0,"52":0,"53":0,"54":0,"55":0,"56":0,"57":0,"58":0,"59":0,"60":0,"61":0,"62":0,"63":0,"64":0,"65":0,"66":0,"67":0,"68":0,"69":0,"70":0,"71":0,"72":0,"73":0,"74":0,"75":0,"76":0,"77":0,"78":0,"79":0,"80":0,"81":0},"f":{"0":0,"1":0,"2":0,"3":0,"4":0,"5":0,"6":0,"7":0,"8":0,"9":0,"10":0,"11":0,"12":0,"13":0,"14":0,"15":0},"b":{"0":[0,0],"1":[0,0],"2":[0,0],"3":[0,0],"4":[0,0],"5":[0,0],"6":[0,0],"7":[0,0],"8":[0,0],"9":[0,0],"10":[0,0],"11":[0,0],"12":[0,0]},"meta":{"lastBranch":13,"lastFunction":16,"lastStatement":82,"seen":{"s:26:6:26:Infinity":0,"f:28:9:28:Infinity":0,"b:31:2:33:Infinity:undefined:undefined:undefined:undefined":0,"s:31:2:33:Infinity":1,"s:32:4:32:Infinity":2,"s:35:32:35:Infinity":3,"s:37:2:43:Infinity":4,"s:38:18:38:Infinity":5,"b:40:4:42:Infinity:undefined:undefined:undefined:undefined":1,"s:40:4:42:Infinity":6,"s:41:6:41:Infinity":7,"b:45:2:47:Infinity:undefined:undefined:undefined:undefined":2,"s:45:2:47:Infinity":8,"s:46:4:46:Infinity":9,"s:49:2:49:Infinity":10,"f:52:9:52:Infinity":1,"s:56:28:56:Infinity":11,"b:58:2:81:Infinity:undefined:undefined:undefined:undefined":3,"s:58:2:81:Infinity":12,"s:59:28:59:Infinity":13,"b:61:4:63:Infinity:undefined:undefined:undefined:undefined":4,"s:61:4:63:Infinity":14,"s:62:6:62:Infinity":15,"s:65:22:71:Infinity":16,"f:65:22:65:Infinity":2,"s:68:23:71:Infinity":17,"s:73:10:73:Infinity":18,"s:75:33:78:Infinity":19,"s:80:5:80:Infinity":20,"f:84:9:84:Infinity":3,"s:90:26:90:Infinity":21,"s:91:24:91:Infinity":22,"s:92:8:92:Infinity":23,"s:93:8:93:Infinity":24,"s:94:16:94:Infinity":25,"b:94:29:94:34:94:29:94:Infinity":5,"s:96:2:102:Infinity":26,"f:105:9:105:Infinity":4,"s:111:22:111:Infinity":27,"b:113:2:113:Infinity:undefined:undefined:undefined:undefined":6,"s:113:2:113:Infinity":28,"s:113:27:113:Infinity":29,"s:115:22:115:Infinity":30,"s:116:20:116:Infinity":31,"s:118:21:121:Infinity":32,"s:122:22:122:Infinity":33,"s:123:22:123:Infinity":34,"s:125:2:171:Infinity":35,"f:125:17:125:18":5,"s:126:16:126:Infinity":36,"b:126:16:126:35:126:35:126:Infinity":7,"s:127:31:127:Infinity":37,"s:130:6:130:Infinity":38,"s:132:4:170:Infinity":39,"f:132:27:132:28":6,"s:133:29:133:Infinity":40,"s:134:22:134:Infinity":41,"s:136:21:136:Infinity":42,"b:136:21:136:55:136:55:136:Infinity":8,"s:137:29:137:Infinity":43,"s:139:12:143:Infinity":44,"s:145:10:151:Infinity":45,"s:153:6:153:Infinity":46,"b:155:6:169:Infinity:undefined:undefined:undefined:undefined":9,"s:155:6:169:Infinity":47,"s:156:8:168:Infinity":48,"f:156:31:156:32":7,"s:157:30:157:Infinity":49,"s:159:16:165:Infinity":50,"s:167:10:167:Infinity":51,"s:173:2:173:Infinity":52,"f:176:16:176:22":8,"s:180:18:180:Infinity":53,"s:181:17:181:Infinity":54,"s:182:22:182:Infinity":55,"f:182:37:182:38":9,"s:182:44:182:54":56,"s:184:2:184:Infinity":57,"s:186:22:186:Infinity":58,"s:188:2:218:Infinity":59,"b:189:4:191:Infinity:undefined:undefined:undefined:undefined":10,"s:189:4:191:Infinity":60,"s:190:6:190:Infinity":61,"s:193:4:217:Infinity":62,"s:194:29:196:Infinity":63,"f:194:43:194:44":10,"s:195:8:195:Infinity":64,"f:195:24:195:25":11,"s:195:31:195:54":65,"s:198:29:203:Infinity":66,"f:199:13:199:14":12,"s:199:21:202:10":67,"f:201:38:201:39":13,"s:201:45:201:68":68,"f:203:16:203:17":14,"s:203:23:203:44":69,"s:205:23:210:Infinity":70,"s:212:6:216:Infinity":71,"s:213:22:213:Infinity":72,"b:213:22:213:47:213:47:213:Infinity":11,"s:214:8:214:Infinity":73,"s:215:8:215:Infinity":74,"s:220:25:233:Infinity":75,"f:220:41:220:42":15,"s:221:23:221:Infinity":76,"b:223:4:225:Infinity:undefined:undefined:undefined:undefined":12,"s:223:4:225:Infinity":77,"s:224:6:224:Infinity":78,"s:227:45:230:Infinity":79,"s:232:4:232:Infinity":80,"s:235:2:238:Infinity":81}}}
,"/home/ykatz/Code/Personal/color-system/scripts/solver/math.ts": {"path":"/home/ykatz/Code/Personal/color-system/scripts/solver/math.ts","statementMap":{"0":{"start":{"line":5,"column":6},"end":{"line":5,"column":null}},"1":{"start":{"line":9,"column":32},"end":{"line":9,"column":null}},"2":{"start":{"line":10,"column":35},"end":{"line":10,"column":null}},"3":{"start":{"line":12,"column":22},"end":{"line":12,"column":null}},"4":{"start":{"line":13,"column":24},"end":{"line":13,"column":null}},"5":{"start":{"line":14,"column":26},"end":{"line":14,"column":null}},"6":{"start":{"line":15,"column":6},"end":{"line":15,"column":null}},"7":{"start":{"line":20,"column":2},"end":{"line":20,"column":null}},"8":{"start":{"line":20,"column":17},"end":{"line":20,"column":null}},"9":{"start":{"line":21,"column":2},"end":{"line":21,"column":null}},"10":{"start":{"line":21,"column":17},"end":{"line":21,"column":null}},"11":{"start":{"line":22,"column":2},"end":{"line":22,"column":null}},"12":{"start":{"line":26,"column":2},"end":{"line":26,"column":null}},"13":{"start":{"line":26,"column":19},"end":{"line":26,"column":null}},"14":{"start":{"line":27,"column":2},"end":{"line":27,"column":null}},"15":{"start":{"line":27,"column":19},"end":{"line":27,"column":null}},"16":{"start":{"line":28,"column":2},"end":{"line":28,"column":null}},"17":{"start":{"line":32,"column":2},"end":{"line":32,"column":null}},"18":{"start":{"line":36,"column":2},"end":{"line":36,"column":null}},"19":{"start":{"line":39,"column":19},"end":{"line":42,"column":null}},"20":{"start":{"line":40,"column":16},"end":{"line":40,"column":null}},"21":{"start":{"line":40,"column":43},"end":{"line":40,"column":52}},"22":{"start":{"line":41,"column":2},"end":{"line":41,"column":null}},"23":{"start":{"line":54,"column":12},"end":{"line":54,"column":null}},"24":{"start":{"line":55,"column":13},"end":{"line":55,"column":null}},"25":{"start":{"line":57,"column":19},"end":{"line":57,"column":null}},"26":{"start":{"line":58,"column":19},"end":{"line":58,"column":null}},"27":{"start":{"line":59,"column":16},"end":{"line":59,"column":null}},"28":{"start":{"line":61,"column":17},"end":{"line":61,"column":null}},"29":{"start":{"line":62,"column":17},"end":{"line":62,"column":null}},"30":{"start":{"line":64,"column":2},"end":{"line":64,"column":null}},"31":{"start":{"line":64,"column":34},"end":{"line":64,"column":null}},"32":{"start":{"line":65,"column":2},"end":{"line":65,"column":null}},"33":{"start":{"line":65,"column":34},"end":{"line":65,"column":null}},"34":{"start":{"line":67,"column":2},"end":{"line":81,"column":null}},"35":{"start":{"line":67,"column":15},"end":{"line":67,"column":18}},"36":{"start":{"line":68,"column":10},"end":{"line":68,"column":null}},"37":{"start":{"line":69,"column":16},"end":{"line":69,"column":null}},"38":{"start":{"line":70,"column":18},"end":{"line":70,"column":null}},"39":{"start":{"line":72,"column":4},"end":{"line":74,"column":null}},"40":{"start":{"line":73,"column":6},"end":{"line":73,"column":null}},"41":{"start":{"line":76,"column":4},"end":{"line":80,"column":null}},"42":{"start":{"line":77,"column":6},"end":{"line":77,"column":null}},"43":{"start":{"line":79,"column":6},"end":{"line":79,"column":null}},"44":{"start":{"line":83,"column":2},"end":{"line":83,"column":null}},"45":{"start":{"line":89,"column":13},"end":{"line":89,"column":null}},"46":{"start":{"line":90,"column":14},"end":{"line":90,"column":null}},"47":{"start":{"line":92,"column":2},"end":{"line":94,"column":null}},"48":{"start":{"line":93,"column":4},"end":{"line":93,"column":null}},"49":{"start":{"line":96,"column":23},"end":{"line":99,"column":null}},"50":{"start":{"line":97,"column":20},"end":{"line":97,"column":null}},"51":{"start":{"line":98,"column":4},"end":{"line":98,"column":null}},"52":{"start":{"line":101,"column":2},"end":{"line":101,"column":null}},"53":{"start":{"line":108,"column":8},"end":{"line":108,"column":null}},"54":{"start":{"line":109,"column":8},"end":{"line":109,"column":null}},"55":{"start":{"line":110,"column":8},"end":{"line":110,"column":null}},"56":{"start":{"line":111,"column":18},"end":{"line":111,"column":null}},"57":{"start":{"line":113,"column":2},"end":{"line":117,"column":null}},"58":{"start":{"line":114,"column":4},"end":{"line":116,"column":null}},"59":{"start":{"line":119,"column":2},"end":{"line":119,"column":null}},"60":{"start":{"line":123,"column":2},"end":{"line":125,"column":null}},"61":{"start":{"line":124,"column":4},"end":{"line":124,"column":null}},"62":{"start":{"line":126,"column":2},"end":{"line":126,"column":null}},"63":{"start":{"line":134,"column":2},"end":{"line":134,"column":null}},"64":{"start":{"line":138,"column":2},"end":{"line":138,"column":null}},"65":{"start":{"line":146,"column":25},"end":{"line":146,"column":null}},"66":{"start":{"line":147,"column":24},"end":{"line":147,"column":null}},"67":{"start":{"line":148,"column":14},"end":{"line":148,"column":null}},"68":{"start":{"line":149,"column":14},"end":{"line":149,"column":null}},"69":{"start":{"line":150,"column":2},"end":{"line":150,"column":null}},"70":{"start":{"line":150,"column":20},"end":{"line":150,"column":null}},"71":{"start":{"line":151,"column":2},"end":{"line":151,"column":null}},"72":{"start":{"line":151,"column":20},"end":{"line":151,"column":null}},"73":{"start":{"line":152,"column":2},"end":{"line":152,"column":null}},"74":{"start":{"line":162,"column":25},"end":{"line":162,"column":null}},"75":{"start":{"line":163,"column":24},"end":{"line":163,"column":null}},"76":{"start":{"line":165,"column":17},"end":{"line":171,"column":null}},"77":{"start":{"line":168,"column":12},"end":{"line":168,"column":null}},"78":{"start":{"line":173,"column":2},"end":{"line":173,"column":null}},"79":{"start":{"line":180,"column":26},"end":{"line":180,"column":null}},"80":{"start":{"line":181,"column":25},"end":{"line":181,"column":null}},"81":{"start":{"line":182,"column":24},"end":{"line":182,"column":null}},"82":{"start":{"line":184,"column":34},"end":{"line":186,"column":null}},"83":{"start":{"line":188,"column":17},"end":{"line":194,"column":null}},"84":{"start":{"line":191,"column":12},"end":{"line":191,"column":null}},"85":{"start":{"line":196,"column":2},"end":{"line":196,"column":null}},"86":{"start":{"line":204,"column":2},"end":{"line":213,"column":null}},"87":{"start":{"line":208,"column":22},"end":{"line":208,"column":null}},"88":{"start":{"line":209,"column":6},"end":{"line":209,"column":null}},"89":{"start":{"line":219,"column":20},"end":{"line":219,"column":null}},"90":{"start":{"line":220,"column":2},"end":{"line":221,"column":null}},"91":{"start":{"line":232,"column":2},"end":{"line":232,"column":null}},"92":{"start":{"line":232,"column":15},"end":{"line":232,"column":null}},"93":{"start":{"line":233,"column":33},"end":{"line":233,"column":null}},"94":{"start":{"line":234,"column":17},"end":{"line":234,"column":null}},"95":{"start":{"line":235,"column":2},"end":{"line":235,"column":null}},"96":{"start":{"line":239,"column":17},"end":{"line":240,"column":null}},"97":{"start":{"line":240,"column":4},"end":{"line":240,"column":null}},"98":{"start":{"line":242,"column":2},"end":{"line":249,"column":null}}},"fnMap":{"0":{"name":"clamp01","decl":{"start":{"line":19,"column":16},"end":{"line":19,"column":24}},"loc":{"start":{"line":19,"column":47},"end":{"line":23,"column":null}},"line":19},"1":{"name":"clampToRange","decl":{"start":{"line":25,"column":16},"end":{"line":25,"column":29}},"loc":{"start":{"line":25,"column":78},"end":{"line":29,"column":null}},"line":25},"2":{"name":"roundLightness","decl":{"start":{"line":31,"column":16},"end":{"line":31,"column":31}},"loc":{"start":{"line":31,"column":54},"end":{"line":33,"column":null}},"line":31},"3":{"name":"formatPrecision","decl":{"start":{"line":35,"column":16},"end":{"line":35,"column":32}},"loc":{"start":{"line":35,"column":67},"end":{"line":37,"column":null}},"line":35},"4":{"name":"(anonymous_4)","decl":{"start":{"line":39,"column":19},"end":{"line":39,"column":20}},"loc":{"start":{"line":39,"column":50},"end":{"line":42,"column":null}},"line":39},"5":{"name":"(anonymous_5)","decl":{"start":{"line":40,"column":31},"end":{"line":40,"column":32}},"loc":{"start":{"line":40,"column":43},"end":{"line":40,"column":52}},"line":40},"6":{"name":"binarySearch","decl":{"start":{"line":46,"column":16},"end":{"line":46,"column":null}},"loc":{"start":{"line":53,"column":10},"end":{"line":84,"column":null}},"line":53},"7":{"name":"toRgbTriplet","decl":{"start":{"line":88,"column":16},"end":{"line":88,"column":29}},"loc":{"start":{"line":88,"column":74},"end":{"line":102,"column":null}},"line":88},"8":{"name":"(anonymous_8)","decl":{"start":{"line":96,"column":23},"end":{"line":96,"column":24}},"loc":{"start":{"line":96,"column":42},"end":{"line":99,"column":null}},"line":96},"9":{"name":"contrastForPair","decl":{"start":{"line":104,"column":16},"end":{"line":104,"column":null}},"loc":{"start":{"line":107,"column":10},"end":{"line":120,"column":null}},"line":107},"10":{"name":"textLightness","decl":{"start":{"line":122,"column":16},"end":{"line":122,"column":30}},"loc":{"start":{"line":122,"column":70},"end":{"line":127,"column":null}},"line":122},"11":{"name":"contrastForBackground","decl":{"start":{"line":129,"column":16},"end":{"line":129,"column":null}},"loc":{"start":{"line":133,"column":10},"end":{"line":135,"column":null}},"line":133},"12":{"name":"backgroundBounds","decl":{"start":{"line":137,"column":16},"end":{"line":137,"column":33}},"loc":{"start":{"line":137,"column":79},"end":{"line":139,"column":null}},"line":137},"13":{"name":"clampContrast","decl":{"start":{"line":141,"column":16},"end":{"line":141,"column":null}},"loc":{"start":{"line":145,"column":10},"end":{"line":153,"column":null}},"line":145},"14":{"name":"solveBackgroundForContrast","decl":{"start":{"line":155,"column":16},"end":{"line":155,"column":null}},"loc":{"start":{"line":161,"column":10},"end":{"line":174,"column":null}},"line":161},"15":{"name":"(anonymous_15)","decl":{"start":{"line":168,"column":4},"end":{"line":168,"column":5}},"loc":{"start":{"line":168,"column":12},"end":{"line":168,"column":null}},"line":168},"16":{"name":"solveForegroundLightness","decl":{"start":{"line":176,"column":16},"end":{"line":176,"column":null}},"loc":{"start":{"line":179,"column":10},"end":{"line":197,"column":null}},"line":179},"17":{"name":"(anonymous_17)","decl":{"start":{"line":191,"column":4},"end":{"line":191,"column":5}},"loc":{"start":{"line":191,"column":12},"end":{"line":191,"column":null}},"line":191},"18":{"name":"solveBorderAlpha","decl":{"start":{"line":199,"column":16},"end":{"line":199,"column":null}},"loc":{"start":{"line":203,"column":10},"end":{"line":214,"column":null}},"line":203},"19":{"name":"(anonymous_19)","decl":{"start":{"line":207,"column":4},"end":{"line":207,"column":5}},"loc":{"start":{"line":207,"column":15},"end":{"line":210,"column":null}},"line":207},"20":{"name":"cubicBezier","decl":{"start":{"line":218,"column":9},"end":{"line":218,"column":21}},"loc":{"start":{"line":218,"column":64},"end":{"line":223,"column":null}},"line":218},"21":{"name":"calculateHueShift","decl":{"start":{"line":225,"column":16},"end":{"line":225,"column":null}},"loc":{"start":{"line":231,"column":10},"end":{"line":236,"column":null}},"line":231},"22":{"name":"solveForegroundSpec","decl":{"start":{"line":238,"column":16},"end":{"line":238,"column":36}},"loc":{"start":{"line":238,"column":66},"end":{"line":250,"column":null}},"line":238},"23":{"name":"(anonymous_23)","decl":{"start":{"line":239,"column":17},"end":{"line":239,"column":18}},"loc":{"start":{"line":240,"column":4},"end":{"line":240,"column":null}},"line":240}},"branchMap":{"0":{"loc":{"start":{"line":20,"column":2},"end":{"line":20,"column":null}},"type":"if","locations":[{"start":{"line":20,"column":2},"end":{"line":20,"column":null}},{"start":{},"end":{}}],"line":20},"1":{"loc":{"start":{"line":21,"column":2},"end":{"line":21,"column":null}},"type":"if","locations":[{"start":{"line":21,"column":2},"end":{"line":21,"column":null}},{"start":{},"end":{}}],"line":21},"2":{"loc":{"start":{"line":26,"column":2},"end":{"line":26,"column":null}},"type":"if","locations":[{"start":{"line":26,"column":2},"end":{"line":26,"column":null}},{"start":{},"end":{}}],"line":26},"3":{"loc":{"start":{"line":27,"column":2},"end":{"line":27,"column":null}},"type":"if","locations":[{"start":{"line":27,"column":2},"end":{"line":27,"column":null}},{"start":{},"end":{}}],"line":27},"4":{"loc":{"start":{"line":35,"column":47},"end":{"line":35,"column":67}},"type":"default-arg","locations":[{"start":{"line":35,"column":56},"end":{"line":35,"column":67}}],"line":35},"5":{"loc":{"start":{"line":51,"column":2},"end":{"line":51,"column":null}},"type":"default-arg","locations":[{"start":{"line":51,"column":20},"end":{"line":51,"column":null}}],"line":51},"6":{"loc":{"start":{"line":52,"column":2},"end":{"line":52,"column":null}},"type":"default-arg","locations":[{"start":{"line":52,"column":26},"end":{"line":52,"column":null}}],"line":52},"7":{"loc":{"start":{"line":59,"column":16},"end":{"line":59,"column":null}},"type":"binary-expr","locations":[{"start":{"line":59,"column":16},"end":{"line":59,"column":50}},{"start":{"line":59,"column":50},"end":{"line":59,"column":null}}],"line":59},"8":{"loc":{"start":{"line":64,"column":2},"end":{"line":64,"column":null}},"type":"if","locations":[{"start":{"line":64,"column":2},"end":{"line":64,"column":null}},{"start":{},"end":{}}],"line":64},"9":{"loc":{"start":{"line":64,"column":41},"end":{"line":64,"column":null}},"type":"cond-expr","locations":[{"start":{"line":64,"column":64},"end":{"line":64,"column":70}},{"start":{"line":64,"column":70},"end":{"line":64,"column":null}}],"line":64},"10":{"loc":{"start":{"line":65,"column":2},"end":{"line":65,"column":null}},"type":"if","locations":[{"start":{"line":65,"column":2},"end":{"line":65,"column":null}},{"start":{},"end":{}}],"line":65},"11":{"loc":{"start":{"line":65,"column":41},"end":{"line":65,"column":null}},"type":"cond-expr","locations":[{"start":{"line":65,"column":64},"end":{"line":65,"column":70}},{"start":{"line":65,"column":70},"end":{"line":65,"column":null}}],"line":65},"12":{"loc":{"start":{"line":72,"column":4},"end":{"line":74,"column":null}},"type":"if","locations":[{"start":{"line":72,"column":4},"end":{"line":74,"column":null}},{"start":{},"end":{}}],"line":72},"13":{"loc":{"start":{"line":76,"column":4},"end":{"line":80,"column":null}},"type":"if","locations":[{"start":{"line":76,"column":4},"end":{"line":80,"column":null}},{"start":{"line":78,"column":11},"end":{"line":80,"column":null}}],"line":76},"14":{"loc":{"start":{"line":92,"column":2},"end":{"line":94,"column":null}},"type":"if","locations":[{"start":{"line":92,"column":2},"end":{"line":94,"column":null}},{"start":{},"end":{}}],"line":92},"15":{"loc":{"start":{"line":92,"column":6},"end":{"line":92,"column":34}},"type":"binary-expr","locations":[{"start":{"line":92,"column":6},"end":{"line":92,"column":14}},{"start":{"line":92,"column":14},"end":{"line":92,"column":34}}],"line":92},"16":{"loc":{"start":{"line":97,"column":28},"end":{"line":97,"column":38}},"type":"binary-expr","locations":[{"start":{"line":97,"column":28},"end":{"line":97,"column":37}},{"start":{"line":97,"column":37},"end":{"line":97,"column":38}}],"line":97},"17":{"loc":{"start":{"line":111,"column":18},"end":{"line":111,"column":null}},"type":"cond-expr","locations":[{"start":{"line":111,"column":49},"end":{"line":111,"column":60}},{"start":{"line":111,"column":60},"end":{"line":111,"column":null}}],"line":111},"18":{"loc":{"start":{"line":113,"column":2},"end":{"line":117,"column":null}},"type":"if","locations":[{"start":{"line":113,"column":2},"end":{"line":117,"column":null}},{"start":{},"end":{}}],"line":113},"19":{"loc":{"start":{"line":123,"column":2},"end":{"line":125,"column":null}},"type":"if","locations":[{"start":{"line":123,"column":2},"end":{"line":125,"column":null}},{"start":{},"end":{}}],"line":123},"20":{"loc":{"start":{"line":124,"column":11},"end":{"line":124,"column":null}},"type":"cond-expr","locations":[{"start":{"line":124,"column":30},"end":{"line":124,"column":34}},{"start":{"line":124,"column":34},"end":{"line":124,"column":null}}],"line":124},"21":{"loc":{"start":{"line":126,"column":9},"end":{"line":126,"column":null}},"type":"cond-expr","locations":[{"start":{"line":126,"column":28},"end":{"line":126,"column":32}},{"start":{"line":126,"column":32},"end":{"line":126,"column":null}}],"line":126},"22":{"loc":{"start":{"line":150,"column":2},"end":{"line":150,"column":null}},"type":"if","locations":[{"start":{"line":150,"column":2},"end":{"line":150,"column":null}},{"start":{},"end":{}}],"line":150},"23":{"loc":{"start":{"line":151,"column":2},"end":{"line":151,"column":null}},"type":"if","locations":[{"start":{"line":151,"column":2},"end":{"line":151,"column":null}},{"start":{},"end":{}}],"line":151},"24":{"loc":{"start":{"line":184,"column":34},"end":{"line":186,"column":null}},"type":"cond-expr","locations":[{"start":{"line":185,"column":6},"end":{"line":185,"column":null}},{"start":{"line":186,"column":6},"end":{"line":186,"column":null}}],"line":184},"25":{"loc":{"start":{"line":232,"column":2},"end":{"line":232,"column":null}},"type":"if","locations":[{"start":{"line":232,"column":2},"end":{"line":232,"column":null}},{"start":{},"end":{}}],"line":232}},"s":{"0":1,"1":1,"2":1,"3":1,"4":1,"5":1,"6":1,"7":5379,"8":2,"9":5377,"10":2,"11":5375,"12":0,"13":0,"14":0,"15":0,"16":0,"17":9,"18":20,"19":1,"20":0,"21":0,"22":0,"23":32,"24":32,"25":32,"26":32,"27":32,"28":32,"29":32,"30":32,"31":3,"32":29,"33":29,"34":17,"35":17,"36":577,"37":577,"38":577,"39":577,"40":3,"41":574,"42":276,"43":298,"44":14,"45":1338,"46":1338,"47":1338,"48":0,"49":1338,"50":4014,"51":4014,"52":1338,"53":669,"54":669,"55":669,"56":669,"57":669,"58":0,"59":669,"60":58,"61":58,"62":0,"63":58,"64":6,"65":6,"66":6,"67":6,"68":6,"69":6,"70":1,"71":5,"72":1,"73":4,"74":3,"75":3,"76":3,"77":46,"78":3,"79":20,"80":20,"81":20,"82":20,"83":20,"84":440,"85":20,"86":3,"87":126,"88":126,"89":3,"90":3,"91":6,"92":3,"93":3,"94":3,"95":3,"96":4,"97":20,"98":4},"f":{"0":5379,"1":0,"2":9,"3":20,"4":0,"5":0,"6":32,"7":1338,"8":4014,"9":669,"10":58,"11":58,"12":6,"13":6,"14":3,"15":46,"16":20,"17":440,"18":3,"19":126,"20":3,"21":6,"22":4,"23":20},"b":{"0":[2,5377],"1":[2,5375],"2":[0,0],"3":[0,0],"4":[20],"5":[32],"6":[32],"7":[32,1],"8":[3,29],"9":[2,1],"10":[12,17],"11":[9,3],"12":[3,574],"13":[276,298],"14":[0,1338],"15":[1338,1338],"16":[4014,0],"17":[669,0],"18":[0,669],"19":[58,0],"20":[54,4],"21":[0,0],"22":[1,5],"23":[1,4],"24":[15,5],"25":[3,3]},"meta":{"lastBranch":26,"lastFunction":24,"lastStatement":99,"seen":{"s:5:6:5:Infinity":0,"s:9:32:9:Infinity":1,"s:10:35:10:Infinity":2,"s:12:22:12:Infinity":3,"s:13:24:13:Infinity":4,"s:14:26:14:Infinity":5,"s:15:6:15:Infinity":6,"f:19:16:19:24":0,"b:20:2:20:Infinity:undefined:undefined:undefined:undefined":0,"s:20:2:20:Infinity":7,"s:20:17:20:Infinity":8,"b:21:2:21:Infinity:undefined:undefined:undefined:undefined":1,"s:21:2:21:Infinity":9,"s:21:17:21:Infinity":10,"s:22:2:22:Infinity":11,"f:25:16:25:29":1,"b:26:2:26:Infinity:undefined:undefined:undefined:undefined":2,"s:26:2:26:Infinity":12,"s:26:19:26:Infinity":13,"b:27:2:27:Infinity:undefined:undefined:undefined:undefined":3,"s:27:2:27:Infinity":14,"s:27:19:27:Infinity":15,"s:28:2:28:Infinity":16,"f:31:16:31:31":2,"s:32:2:32:Infinity":17,"f:35:16:35:32":3,"b:35:56:35:67":4,"s:36:2:36:Infinity":18,"s:39:19:42:Infinity":19,"f:39:19:39:20":4,"s:40:16:40:Infinity":20,"f:40:31:40:32":5,"s:40:43:40:52":21,"s:41:2:41:Infinity":22,"f:46:16:46:Infinity":6,"b:51:20:51:Infinity":5,"b:52:26:52:Infinity":6,"s:54:12:54:Infinity":23,"s:55:13:55:Infinity":24,"s:57:19:57:Infinity":25,"s:58:19:58:Infinity":26,"s:59:16:59:Infinity":27,"b:59:16:59:50:59:50:59:Infinity":7,"s:61:17:61:Infinity":28,"s:62:17:62:Infinity":29,"b:64:2:64:Infinity:undefined:undefined:undefined:undefined":8,"s:64:2:64:Infinity":30,"s:64:34:64:Infinity":31,"b:64:64:64:70:64:70:64:Infinity":9,"b:65:2:65:Infinity:undefined:undefined:undefined:undefined":10,"s:65:2:65:Infinity":32,"s:65:34:65:Infinity":33,"b:65:64:65:70:65:70:65:Infinity":11,"s:67:2:81:Infinity":34,"s:67:15:67:18":35,"s:68:10:68:Infinity":36,"s:69:16:69:Infinity":37,"s:70:18:70:Infinity":38,"b:72:4:74:Infinity:undefined:undefined:undefined:undefined":12,"s:72:4:74:Infinity":39,"s:73:6:73:Infinity":40,"b:76:4:80:Infinity:78:11:80:Infinity":13,"s:76:4:80:Infinity":41,"s:77:6:77:Infinity":42,"s:79:6:79:Infinity":43,"s:83:2:83:Infinity":44,"f:88:16:88:29":7,"s:89:13:89:Infinity":45,"s:90:14:90:Infinity":46,"b:92:2:94:Infinity:undefined:undefined:undefined:undefined":14,"s:92:2:94:Infinity":47,"b:92:6:92:14:92:14:92:34":15,"s:93:4:93:Infinity":48,"s:96:23:99:Infinity":49,"f:96:23:96:24":8,"s:97:20:97:Infinity":50,"b:97:28:97:37:97:37:97:38":16,"s:98:4:98:Infinity":51,"s:101:2:101:Infinity":52,"f:104:16:104:Infinity":9,"s:108:8:108:Infinity":53,"s:109:8:109:Infinity":54,"s:110:8:110:Infinity":55,"s:111:18:111:Infinity":56,"b:111:49:111:60:111:60:111:Infinity":17,"b:113:2:117:Infinity:undefined:undefined:undefined:undefined":18,"s:113:2:117:Infinity":57,"s:114:4:116:Infinity":58,"s:119:2:119:Infinity":59,"f:122:16:122:30":10,"b:123:2:125:Infinity:undefined:undefined:undefined:undefined":19,"s:123:2:125:Infinity":60,"s:124:4:124:Infinity":61,"b:124:30:124:34:124:34:124:Infinity":20,"s:126:2:126:Infinity":62,"b:126:28:126:32:126:32:126:Infinity":21,"f:129:16:129:Infinity":11,"s:134:2:134:Infinity":63,"f:137:16:137:33":12,"s:138:2:138:Infinity":64,"f:141:16:141:Infinity":13,"s:146:25:146:Infinity":65,"s:147:24:147:Infinity":66,"s:148:14:148:Infinity":67,"s:149:14:149:Infinity":68,"b:150:2:150:Infinity:undefined:undefined:undefined:undefined":22,"s:150:2:150:Infinity":69,"s:150:20:150:Infinity":70,"b:151:2:151:Infinity:undefined:undefined:undefined:undefined":23,"s:151:2:151:Infinity":71,"s:151:20:151:Infinity":72,"s:152:2:152:Infinity":73,"f:155:16:155:Infinity":14,"s:162:25:162:Infinity":74,"s:163:24:163:Infinity":75,"s:165:17:171:Infinity":76,"f:168:4:168:5":15,"s:168:12:168:Infinity":77,"s:173:2:173:Infinity":78,"f:176:16:176:Infinity":16,"s:180:26:180:Infinity":79,"s:181:25:181:Infinity":80,"s:182:24:182:Infinity":81,"s:184:34:186:Infinity":82,"b:185:6:185:Infinity:186:6:186:Infinity":24,"s:188:17:194:Infinity":83,"f:191:4:191:5":17,"s:191:12:191:Infinity":84,"s:196:2:196:Infinity":85,"f:199:16:199:Infinity":18,"s:204:2:213:Infinity":86,"f:207:4:207:5":19,"s:208:22:208:Infinity":87,"s:209:6:209:Infinity":88,"f:218:9:218:21":20,"s:219:20:219:Infinity":89,"s:220:2:221:Infinity":90,"f:225:16:225:Infinity":21,"b:232:2:232:Infinity:undefined:undefined:undefined:undefined":25,"s:232:2:232:Infinity":91,"s:232:15:232:Infinity":92,"s:233:33:233:Infinity":93,"s:234:17:234:Infinity":94,"s:235:2:235:Infinity":95,"f:238:16:238:36":22,"s:239:17:240:Infinity":96,"f:239:17:239:18":23,"s:240:4:240:Infinity":97,"s:242:2:249:Infinity":98}}}
,"/home/ykatz/Code/Personal/color-system/scripts/solver/types.ts": {"path":"/home/ykatz/Code/Personal/color-system/scripts/solver/types.ts","statementMap":{},"fnMap":{},"branchMap":{},"s":{},"f":{},"b":{},"meta":{"lastBranch":0,"lastFunction":0,"lastStatement":0,"seen":{}}}
}
